<?xml version="1.0" encoding="UTF-8"?>
<!-- Generated by org.testng.reporters.JUnitXMLReporter -->
<testsuite ignored="0" hostname="shanthan" failures="0" tests="3" name="API Tests" time="2.56" errors="0" timestamp="2024-12-02T00:13:49 GMT-05:00">
  <testcase classname="com.example.api.ApiTest" name="testAllPosts" time="2.132"/>
  <testcase classname="com.example.api.ApiTest" name="testGetRequest" time="0.126"/>
  <testcase classname="com.example.api.ApiTest" name="testPostRequest" time="0.248"/>
</testsuite> <!-- API Tests -->
